<testsuites id="" name="" tests="9" failures="0" skipped="0" errors="0" time="19.953131">
<testsuite name="navigation.spec.ts" timestamp="2025-10-04T16:50:50.516Z" hostname="chromium" tests="9" failures="0" skipped="0" time="53.93" errors="0">
<testcase name="Navigation › should navigate between marketing pages and show active states" classname="navigation.spec.ts" time="8.549">
</testcase>
<testcase name="Navigation › should handle dynamic routes for docs correctly" classname="navigation.spec.ts" time="7.8">
</testcase>
<testcase name="Navigation › should show 404 for invalid dynamic route" classname="navigation.spec.ts" time="4.548">
</testcase>
<testcase name="Navigation › should handle dynamic routes for blog correctly" classname="navigation.spec.ts" time="8.592">
</testcase>
<testcase name="Navigation › should navigate between app pages and show active states" classname="navigation.spec.ts" time="8.563">
</testcase>
<testcase name="Navigation › should navigate between route groups seamlessly" classname="navigation.spec.ts" time="4.277">
</testcase>
<testcase name="Navigation › should have proper metadata for pages" classname="navigation.spec.ts" time="4.794">
</testcase>
<testcase name="Navigation › should handle browser back/forward navigation" classname="navigation.spec.ts" time="4.012">
</testcase>
<testcase name="Navigation › should show no console errors during navigation" classname="navigation.spec.ts" time="2.795">
</testcase>
</testsuite>
</testsuites>